  Reading input spec file from Rout.spc

1

               U. S. Department of Commerce, U. S. Census Bureau

                 X-12-ARIMA monthly seasonal adjustment Method,
                         Release Version 0.3  Build 177



           This method modifies the X-11 variant of Census Method II
           by J. Shiskin A.H. Young and J.C. Musgrave of February, 1967.
          and the X-11-ARIMA program based on the methodological research
           developed by Estela Bee Dagum, Chief of the Seasonal Adjustment
            and Time Series Staff of Statistics Canada, September, 1979.

            This version of X-12-ARIMA includes an automatic ARIMA model
          selection procedure based largely on the procedure of Gomez and
                  Maravall (1998) as implemented in TRAMO (1996).

      Primary Programmers: Brian Monsell, Mark Otto


     Series Title- R Output for X12a.exe
     Series Name- Rout
     Jan 15, 2009  13.18.26 

        -Period covered-  1st month,1949 to 12th month,1960
        -Type of run - auto-mode seasonal adjustment

        -Sigma limits for graduating extreme values are 1.5 and 2.5 .
        -3x3 moving average used in section 1 of each iteration, 
         3x5 moving average in section 2 of iterations B and C,
         moving average for final seasonal factors chosen by Global MSR.
        -Spectral plots generated for selected series
        -Spectral plots generated for series starting in 1953.Jan
  Rout.out* program output file
  Rout.err* program error file
  Rout.udg* seasonal adjustment and model diagnostics file
  Rout.gmt* graphics metafile
        R Output for X12a.exe            PAGE   1, SERIES Rout

     Contents of spc file Rout.spc

 Line #
 ------
      1: series{
      2: title="R Output for X12a.exe"
      3: decimals=2
      4: start=1949.1
      5: period=12
      6: data=(
      7:     112 118 132 129 121 135 148 148 136 119 104 118
      8:     115 126 141 135 125 149 170 170 158 133 114 140
      9:     145 150 178 163 172 178 199 199 184 162 146 166
     10:     171 180 193 181 183 218 230 242 209 191 172 194
     11:     196 196 236 235 229 243 264 272 237 211 180 201
     12:     204 188 235 227 234 264 302 293 259 229 203 229
     13:     242 233 267 269 270 315 364 347 312 274 237 278
     14:     284 277 317 313 318 374 413 405 355 306 271 306
     15:     315 301 356 348 355 422 465 467 404 347 305 336
     16:     340 318 362 348 363 435 491 505 404 359 310 337
     17:     360 342 406 396 420 472 548 559 463 407 362 405
     18:     417 391 419 461 472 535 622 606 508 461 390 432
     19:  
     20:       )
     21: }
     22: transform{ function=auto  }
     23: regression{
     24: file='NULL'
     25: }
     26: outlier {
     27: types=( AO LS TC )
     28: print=(default)
     29: }
     30: automdl {
     31: #acceptdefault=yes
     32: maxorder=(2,2)
     33: maxdiff=(1,1)
     34: balanced=yes
     35: savelog=(adf amd b5m mu)
     36: }
     37: forecast {
     38: maxlead=12
     39: }
     40: x11{
     41: sfshort=yes
     42: calendarsigma=all
     43: excludefcst=yes
     44: final=user
     45: appendfcst=yes
     46: savelog=all
     47: }


 Likelihood statistics for model fit to untransformed series.

 Likelihood Statistics
 ------------------------------------------------------------------
 Number of observations (nobs)                                  144
 Effective number of observations (nefobs)                      131
 Number of parameters estimated (np)                              3
 Log likelihood (L)                                       -507.5015
 AIC                                                      1021.0030 
 AICC (F-corrected-AIC)                                   1021.1919 
 Hannan Quinn                                             1024.5079 
 BIC                                                      1029.6286 
 ------------------------------------------------------------------


 Likelihood statistics for model fit to log transformed series.

 Likelihood Statistics
 ------------------------------------------------------------------
 Number of observations (nobs)                                  144
 Effective number of observations (nefobs)                      131
 Number of parameters estimated (np)                              3
 Log likelihood                                            244.6965
 Transformation Adjustment                                -735.2943
 Adjusted Log likelihood (L)                              -490.5978
 AIC                                                       987.1956 
 AICC (F-corrected-AIC)                                    987.3845 
 Hannan Quinn                                              990.7005 
 BIC                                                       995.8212 
 ------------------------------------------------------------------


   *****   AICC (with aicdiff=-2.00) prefers log transformation   *****
   *****   Multiplicative seasonal adjustment will be performed.   ****



        R Output for X12a.exe            PAGE   2, SERIES Rout

 A 1  Time series data (for the span analyzed)
  From  1949.Jan to 1960.Dec
  Observations        144
 -----------------------------------------------------------------------------
               Jan      Feb      Mar      Apr      May      Jun 
               Jul      Aug      Sep      Oct      Nov      Dec        TOTAL  
 -----------------------------------------------------------------------------
  1949       112.00   118.00   132.00   129.00   121.00   135.00
             148.00   148.00   136.00   119.00   104.00   118.00       1520.00
 
  1950       115.00   126.00   141.00   135.00   125.00   149.00
             170.00   170.00   158.00   133.00   114.00   140.00       1676.00
 
  1951       145.00   150.00   178.00   163.00   172.00   178.00
             199.00   199.00   184.00   162.00   146.00   166.00       2042.00
 
  1952       171.00   180.00   193.00   181.00   183.00   218.00
             230.00   242.00   209.00   191.00   172.00   194.00       2364.00
 
  1953       196.00   196.00   236.00   235.00   229.00   243.00
             264.00   272.00   237.00   211.00   180.00   201.00       2700.00
 
  1954       204.00   188.00   235.00   227.00   234.00   264.00
             302.00   293.00   259.00   229.00   203.00   229.00       2867.00
 
  1955       242.00   233.00   267.00   269.00   270.00   315.00
             364.00   347.00   312.00   274.00   237.00   278.00       3408.00
 
  1956       284.00   277.00   317.00   313.00   318.00   374.00
             413.00   405.00   355.00   306.00   271.00   306.00       3939.00
 
  1957       315.00   301.00   356.00   348.00   355.00   422.00
             465.00   467.00   404.00   347.00   305.00   336.00       4421.00
 
  1958       340.00   318.00   362.00   348.00   363.00   435.00
             491.00   505.00   404.00   359.00   310.00   337.00       4572.00
 
  1959       360.00   342.00   406.00   396.00   420.00   472.00
             548.00   559.00   463.00   407.00   362.00   405.00       5140.00
 
  1960       417.00   391.00   419.00   461.00   472.00   535.00
             622.00   606.00   508.00   461.00   390.00   432.00       5714.00
 
  AVGE       241.75   235.00   270.17   267.08   271.83   311.67
             351.33   351.08   302.42   266.58   232.83   261.83

  Table Total-     40363.00   Mean-     280.30   Std. Dev.-     119.55
                              Min -     104.00        Max -     622.00
        R Output for X12a.exe            PAGE   3, SERIES Rout
                        Automatic ARIMA Model Selection

                    Procedure based closely on TRAMO method 
                         of Gomez and Maravall (2000)
              "Automatic Modeling Methods for Univariate Series",
                            A Course in Time Series
                  (Edited by D. Pena, G. C. Tiao, R. S. Tsay),
                         New York : J. Wiley and Sons


     Maximum order for regular ARMA parameters :   2
     Maximum order for seasonal ARMA parameters :   2
     Maximum order for regular differencing :   1
     Maximum order for seasonal differencing :   1

   Results of Unit Root Test for identifying orders of differencing:
     Regular difference order :   1
     Seasonal difference order :   1

     Mean is not significant.

  Automatic model choice : (0 1 1)(0 1 1)

  Final automatic model choice : (0 1 1)(0 1 1)
   End of automatic model selection procedure.

 Average absolute percentage error in within-sample forecasts:
  Last year:   2.81      Last-1 year:   6.38     Last-2 year:   7.69
  Last three years:    5.63

 Estimation converged in    6 ARMA iterations,   19 function evaluations.

 ARIMA Model:  (0 1 1)(0 1 1)
   Nonseasonal differences: 1
   Seasonal differences:    1
                                              Standard
 Parameter                    Estimate          Errors
 -----------------------------------------------------
 Nonseasonal MA                                    
   Lag  1                       0.4018         0.07887

 Seasonal MA                                       
   Lag 12                       0.5569         0.07626

 Variance                       0.13481E-02
 SE of Var                      0.16657E-03
 -----------------------------------------------------

 Likelihood Statistics
 ------------------------------------------------------------------
 Number of observations (nobs)                                  144
 Effective number of observations (nefobs)                      131
 Number of parameters estimated (np)                              3
 Log likelihood                                            244.6965
 Transformation Adjustment                                -735.2943
 Adjusted Log likelihood (L)                              -490.5978
 AIC                                                       987.1956 
 AICC (F-corrected-AIC)                                    987.3845 
 Hannan Quinn                                              990.7005 
 BIC                                                       995.8212 
 ------------------------------------------------------------------


 DIAGNOSTIC CHECKING
  Sample Autocorrelations of the Residuals
                 -1.0 -0.8 -0.6 -0.4 -0.2  0.0  0.2  0.4  0.6  0.8  1.0
                   +----+----+----+----+----+----+----+----+----+----+
            1                           .   |   .                      0.012
            2                           .   |X  .                      0.022
            3                           .XXX|   .                     -0.128
            4                           .XXX|   .                     -0.125
            5                          .    |X   .                     0.060
            6                          .    |XX  .                     0.065
            7                          .  XX|    .                    -0.064
            8                          .   X|    .                    -0.023
            9                          .    |XXX .                     0.116
           10                          .  XX|    .                    -0.079
           11                          .    |    .                     0.008
           12       - - - - - - - - -  .   X|    .  - - - - - - - -   -0.056
           13                          .    |    .                     0.018
           14                          .    |X   .                     0.036
           15                          .    |X   .                     0.055
           16                          .XXXX|    .                    -0.142
           17                          .    |X   .                     0.035
           18                          .    |    .                     0.003
           19                          . XXX|    .                    -0.104
           20                          .  XX|    .                    -0.099
           21                          .   X|    .                    -0.027
           22                          .   X|    .                    -0.027
           23                          .    |XXXXX                     0.218
           24       - - - - - - - - -  .    |    .  - - - - - - - -    0.008
  
  Sample Autocorrelations of the Squared Residuals

  Lag      1     2     3     4     5     6     7     8     9    10    11    12
  ACF   0.12  0.01  0.02 -0.04  0.10 -0.03 -0.07  0.04 -0.08  0.21  0.06  0.09
  SE    0.09  0.09  0.09  0.09  0.09  0.09  0.09  0.09  0.09  0.09  0.09  0.09
  Q     1.87  1.88  1.95  2.13  3.45  3.54  4.14  4.35  5.37 12.00 12.52 13.78
  DF       0     0     1     2     3     4     5     6     7     8     9    10
  P    0.000 0.000 0.163 0.345 0.327 0.471 0.529 0.629 0.615 0.151 0.186 0.183

  The P-values approximate the probability of observing a Q-value at least
  this large when the model fitted is correct in a way that supports the
  standard interpretations of the test statistics, standard errors, and
  prediction intervals output by X-12-ARIMA. When DF is positive, small
  values of P, customarily those below 0.05, suggest that model-based
  inferences about statistical significance and uncertainty will be less
  dependable than usual.

  Sample Autocorrelations of the Squared Residuals
                 -1.0 -0.8 -0.6 -0.4 -0.2  0.0  0.2  0.4  0.6  0.8  1.0
                   +----+----+----+----+----+----+----+----+----+----+
            1                           .   |XXX.                      0.118
            2                           .   |   .                      0.006
            3                           .   |X  .                      0.023
            4                           .  X|   .                     -0.036
            5                           .   |XX .                      0.098
            6                           .  X|   .                     -0.025
            7                           . XX|   .                     -0.065
            8                           .   |X  .                      0.038
            9                          .  XX|    .                    -0.085
           10                          .    |XXXXX                     0.215
           11                          .    |X   .                     0.060
           12       - - - - - - - - -  .    |XX  .  - - - - - - - -    0.093
  
 Histogram of the Standardized and Mean-Centered Residuals

  Standard
  Deviations     Frequency

  Outlier [#

       -3 +
          |#
       -2 +####
          |##
       -1 +###################
          |######################
        0 +###########################
          |#######################
        1 +################
          |##########
        2 +##
          |###
        3 +#

  One '#'= 1 observation[s]

  Residuals with |t|>3.25

  Obs       t-value
  -----------------
  1953.Jan    -3.26

 Summary Statistics for the Unstandardized Residuals

  Minimum                    -0.118
  Maximum                     0.104
  Median                     -0.003
  Robust Std Dev              0.036

 Normality Statistics for regARIMA Model Residuals:

    Number of residuals  :    131

    Skewness coefficient :   -0.0119    
    Geary's a            :    0.7819    
    Kurtosis             :    3.5510    

  No indication of lack of normality.


  At least one visually significant residual seasonal peaks has been
  found in the spectral plot of the following series starting in 1953.Jan:

          regARIMA model residuals (1 Seasonal peak(s))

 G Rs 10*LOG(SPECTRUM) of the regARIMA model residuals
      Spectrum estimated from 1953.Jan to 1960.Dec.
 ++++++++++I+++++++++++++++++++++++++++++++++++++++++++++++++++++++++++++I
     -22.43I          S                                                  I    -22.43
           I          S                                                  I
           I          S                                                  I
           I          S                                                  I
     -23.62I          S                                                  I    -23.62
           I          S                                                  I
           I          S                                                  I
           I          S                                                  I
     -24.80I          S        *                                         I    -24.80
           I          S        *                     *T                  I
           I          S       **                     *T                  I
           I          S       **                     *T                  I
     -25.99I          S       **                     *T                  I    -25.99
           I   *      S       **                     *T                  I
           I   *      S       **                     *T         T        I
           I   *      S       **                    S*T         T        I
     -27.18I   *      S       **                    S*T         T        I    -27.18
           I   *     *S     * **                    S*T    *    T        I
           I   *     *S    *****                    S*T    *    T        I
           I   *     *S    *****                    S*T    *    T*       I
     -28.37I   *     *S    *****                    S*T   **    T*       I    -28.37
           I   *     *S    *****S       *          *S*T   **    T*       I
           I   *     *S    *****S      **          *S*T   **    T*       I
           I   *     *S    *****S      **          *S*T   **    T*       I
     -29.56I   *   * *S    *****S      **          *S*T   **    T*       I    -29.56
           I   *  ** *S*   *****S      **          *S*T   **    T*       I
           I   *  ****S*   *****S***   **          *S*T   **    T*       I
           I   ** ****S*   *****S***  ****   *     *S*T   **    T*       I
     -30.75I   ** ****S*   *****S**** ****   *     *S*T   **    T*       I    -30.75
           I   ** ****S*   *****S*********  **     *S*T*  **    T**  *   I
           I  ********S*   *****S*********  **     *S*T*  **   *T** ***  I
           I  ********S*  ******S*********  **     *S*T*  **   *T******* I
     -31.93I  ********S*  ******S*********  **     *S*T*  **   *T*******SI    -31.93
           I  ********S*  ******S*********S **     *S*T*  **   *T*******SI
           I  ********S*  ******S*********S***     *S*T*  **   *T*******SI
           I  ********S*  ******S*********S***     *S*T*  **   *T*******SI
     -33.12I  ********S*  ******S*********S***    **S*T*  ***  *T*******SI    -33.12
           I  ********S*  ******S*********S***    **S*T* ****  *T*******SI
           I  ********S** ******S*********S***    **S*T* ****  *T*******SI
           I  ********S*********S*********S***    **S*T* **** S*T*******SI
     -34.31I  ********S*********S*********S****   **S*T****** S*T*******SI    -34.31
           I  ********S*********S*********S****   **S*T****** S*T*******SI
           I  ********S*********S*********S****   **S*T*******S*T*******SI
           I  ********S*********S*********S****   **S*T*******S*T*******SI
     -35.50I  ********S*********S*********S****   **S*T*******S*T*******SI    -35.50
           I  ********S*********S*********S****   **S*T*******S*T*******SI
           I *********S*********S*********S****   **S*T*******S*T*******SI
           I *********S*********S*********S****   **S*T*******S*T*******SI
     -36.69I *********S*********S*********S****  ***S*T*******S*T*******SI    -36.69
           I *********S*********S*********S****  ***S*T*******S*T*******SI
           I**********S*********S*********S***** ***S*T*******S*T*******SI
           I**********S*********S*********S***** ***S*T*******S*T*******SI
     -37.87I**********S*********S*********S*********S*T*******S*T*******SI    -37.87
 ++++++++++I+++++++++++++++++++++++++++++++++++++++++++++++++++++++++++++I
            S=SEASONAL FREQUENCIES, T=TRADING DAY FREQUENCIES


 FORECASTING
  Origin  1960.Dec
  Number        12

  Forecasts and Standard Errors of the Transformed Data
   ------------------------------
                         Standard
       Date   Forecast      Error
   ------------------------------
   1961.Jan       6.11      0.037
   1961.Feb       6.05      0.043
   1961.Mar       6.17      0.048
   1961.Apr       6.20      0.053
   1961.May       6.23      0.057
   1961.Jun       6.37      0.061
   1961.Jul       6.51      0.065
   1961.Aug       6.50      0.069
   1961.Sep       6.32      0.072
   1961.Oct       6.21      0.075
   1961.Nov       6.06      0.079
   1961.Dec       6.17      0.082
   ------------------------------

  Confidence intervals with coverage probability (0.95000)
  On the Original Scale
   ---------------------------------------
       Date      Lower  Forecast     Upper
   ---------------------------------------
   1961.Jan     419.15    450.42    484.03
   1961.Feb     391.47    425.72    462.96
   1961.Mar     435.92    479.01    526.35
   1961.Apr     443.93    492.40    546.17
   1961.May     455.02    509.05    569.50
   1961.Jun     517.29    583.34    657.84
   1961.Jul     589.71    670.01    761.24
   1961.Aug     583.00    667.08    763.28
   1961.Sep     484.57    558.19    642.99
   1961.Oct     428.88    497.21    576.43
   1961.Nov     368.52    429.87    501.43
   1961.Dec     406.73    477.24    559.98
   ---------------------------------------
        R Output for X12a.exe            PAGE   4, SERIES Rout

 B 1  Original series (prior adjusted)
  From  1949.Jan to 1960.Dec
  Observations        144
 -----------------------------------------------------------------------------
               Jan      Feb      Mar      Apr      May      Jun 
               Jul      Aug      Sep      Oct      Nov      Dec        TOTAL  
 -----------------------------------------------------------------------------
  1949       112.00   118.00   132.00   129.00   121.00   135.00
             148.00   148.00   136.00   119.00   104.00   118.00       1520.00
 
  1950       115.00   126.00   141.00   135.00   125.00   149.00
             170.00   170.00   158.00   133.00   114.00   140.00       1676.00
 
  1951       145.00   150.00   178.00   163.00   172.00   178.00
             199.00   199.00   184.00   162.00   146.00   166.00       2042.00
 
  1952       171.00   180.00   193.00   181.00   183.00   218.00
             230.00   242.00   209.00   191.00   172.00   194.00       2364.00
 
  1953       196.00   196.00   236.00   235.00   229.00   243.00
             264.00   272.00   237.00   211.00   180.00   201.00       2700.00
 
  1954       204.00   188.00   235.00   227.00   234.00   264.00
             302.00   293.00   259.00   229.00   203.00   229.00       2867.00
 
  1955       242.00   233.00   267.00   269.00   270.00   315.00
             364.00   347.00   312.00   274.00   237.00   278.00       3408.00
 
  1956       284.00   277.00   317.00   313.00   318.00   374.00
             413.00   405.00   355.00   306.00   271.00   306.00       3939.00
 
  1957       315.00   301.00   356.00   348.00   355.00   422.00
             465.00   467.00   404.00   347.00   305.00   336.00       4421.00
 
  1958       340.00   318.00   362.00   348.00   363.00   435.00
             491.00   505.00   404.00   359.00   310.00   337.00       4572.00
 
  1959       360.00   342.00   406.00   396.00   420.00   472.00
             548.00   559.00   463.00   407.00   362.00   405.00       5140.00
 
  1960       417.00   391.00   419.00   461.00   472.00   535.00
             622.00   606.00   508.00   461.00   390.00   432.00       5714.00
 
  AVGE       241.75   235.00   270.17   267.08   271.83   311.67
             351.33   351.08   302.42   266.58   232.83   261.83

  Table Total-     40363.00   Mean-     280.30   Std. Dev.-     119.55
                              Min -     104.00        Max -     622.00

 B 1.A  Forecasts of (prior adjusted) original series
  From  1961.Jan to 1961.Dec
  Observations         12
 -----------------------------------------------------------------------------
               Jan      Feb      Mar      Apr      May      Jun 
               Jul      Aug      Sep      Oct      Nov      Dec        TOTAL  
 -----------------------------------------------------------------------------
  1961       450.42   425.72   479.01   492.40   509.05   583.34
             670.01   667.08   558.19   497.21   429.87   477.24       6239.55
 
        R Output for X12a.exe            PAGE   5, SERIES Rout

 C 17  Final weights for irregular component
  From  1949.Jan to 1960.Dec
  Observations        144
  Lower sigma limit    1.50
  Upper sigma limit    2.50
 ---------------------------------------------------------------
               Jan      Feb      Mar      Apr      May      Jun 
               Jul      Aug      Sep      Oct      Nov      Dec 
 ---------------------------------------------------------------
  1949       100.00   100.00   100.00    51.88   100.00   100.00
             100.00   100.00   100.00   100.00   100.00   100.00
 
  1950         0.00   100.00   100.00   100.00     0.00   100.00
             100.00   100.00    28.51    63.14     0.00   100.00
 
  1951       100.00   100.00    40.41   100.00     0.00   100.00
             100.00    88.55   100.00   100.00   100.00   100.00
 
  1952        67.97     0.39   100.00   100.00   100.00     0.00
             100.00   100.00     0.00   100.00   100.00   100.00
 
  1953        88.63   100.00   100.00     0.00   100.00   100.00
              29.47   100.00   100.00    86.95   100.00   100.00
 
  1954       100.00    38.66   100.00   100.00   100.00   100.00
             100.00   100.00   100.00   100.00   100.00     3.45
 
  1955       100.00   100.00   100.00   100.00   100.00   100.00
             100.00   100.00   100.00   100.00     0.00   100.00
 
  1956       100.00   100.00   100.00   100.00   100.00   100.00
             100.00   100.00   100.00   100.00   100.00   100.00
 
  1957       100.00   100.00   100.00   100.00   100.00   100.00
             100.00   100.00    89.09   100.00   100.00   100.00
 
  1958       100.00   100.00   100.00    85.94   100.00    98.29
             100.00     0.00   100.00   100.00   100.00     0.00
 
  1959       100.00   100.00   100.00   100.00   100.00   100.00
             100.00    88.79   100.00   100.00   100.00   100.00
 
  1960       100.00   100.00     0.00   100.00   100.00   100.00
             100.00   100.00   100.00    72.51   100.00    98.80
 
  S.D.         0.93     2.63     1.25     1.44     1.76     1.18
               1.70     1.17     0.75     1.24     1.05     0.53
        R Output for X12a.exe            PAGE   6, SERIES Rout

 D 8  Final unmodified SI ratios
  From  1949.Jan to 1960.Dec
  Observations        144
 -----------------------------------------------------------------------------
               Jan      Feb      Mar      Apr      May      Jun 
               Jul      Aug      Sep      Oct      Nov      Dec         AVGE  
 -----------------------------------------------------------------------------
  1949        90.84    94.71   104.97   102.04    95.75   107.22
             117.51   116.87   106.44    92.65    80.62    91.10        100.06
 
  1950        88.04    95.23   105.08    99.19    90.45   105.98
             118.94   117.51   108.20    90.17    76.10    91.34         98.85
 
  1951        92.16    92.98   108.23    97.87   102.69   106.03
             118.10   117.06   106.75    92.30    81.61    91.30        100.59
 
  1952        93.08    97.59   104.45    97.58    97.57   114.01
             117.64   121.15   102.62    92.26    81.98    91.17        100.92
 
  1953        90.53    88.69   104.69   103.03   100.29   107.12
             117.09   120.92   105.49    94.09    80.70    90.39        100.25
 
  1954        91.45    83.40   102.63    97.44    98.81   110.06
             124.80   120.23   105.58    92.32    80.34    88.75         99.65
 
  1955        92.00    87.24    98.88    98.44    97.34   111.72
             127.21   119.72   106.19    91.99    78.25    90.18         99.93
 
  1956        90.64    87.13    98.51    96.38    97.34   113.99
             125.38   122.53   106.92    91.56    80.41    89.74        100.05
 
  1957        90.86    85.24    99.10    95.64    96.81   114.42
             125.28   124.82   107.26    91.82    80.69    89.13        100.09
 
  1958        90.58    85.31    97.68    93.77    96.93   114.81
             128.44   131.66   105.21    93.14    79.79    85.67        100.25
 
  1959        90.16    84.12    98.18    94.71    99.67   111.06
             127.63   128.72   105.40    91.52    80.44    88.90        100.04
 
  1960        90.39    83.78    88.89    96.91    98.67   111.66
             129.60   125.66   104.69    94.53    79.51    87.55         99.32
 
  AVGE        90.89    88.79   100.94    97.75    97.69   110.67
             123.13   122.24   105.90    92.36    80.04    89.60

  Table Total-     14400.07   Mean-     100.00   Std. Dev.-      13.19
                              Min -      76.10        Max -     131.66
        R Output for X12a.exe            PAGE   7, SERIES Rout

 D 8.A  F-tests for seasonality

    Test for the presence of seasonality assuming stability.

                           Sum of     Dgrs.of         Mean
                          Squares     Freedom        Square       F-Value
    Between months       23559.9532       11       2141.81392     190.252**
          Residual        1486.0284      132         11.25779
             Total       25045.9815      143

            **Seasonality present at the 0.1 per cent level.


  Nonparametric Test for the Presence of Seasonality Assuming Stability

                 Kruskal-Wallis      Degrees of    Probability
                   Statistic        Freedom         Level

                     131.8504          11            0.000%

            Seasonality present at the one percent level.


  Moving Seasonality Test
                         Sum of     Dgrs.of         Mean
                        Squares     Freedom        Square       F-value
   Between Years         263.4560       11        23.950548       3.050* 
           Error         950.0591      121         7.851728

          * Moving seasonality present at the one percent level.


  COMBINED TEST FOR THE PRESENCE OF IDENTIFIABLE SEASONALITY


            IDENTIFIABLE SEASONALITY PRESENT
        R Output for X12a.exe            PAGE   8, SERIES Rout

 D 9  Final replacement values for SI ratios
  From  1949.Jan to 1960.Dec
  Observations        144
 ---------------------------------------------------------------
               Jan      Feb      Mar      Apr      May      Jun 
               Jul      Aug      Sep      Oct      Nov      Dec 
 ---------------------------------------------------------------
  1949     ******** ******** ********    98.48 ******** ********
           ******** ******** ******** ******** ******** ********
 
  1950        91.61 ******** ******** ********    98.10 ********
           ******** ********   106.21    92.08    81.22 ********
 
  1951     ******** ********   105.11 ********    98.10 ********
           ********   118.74 ******** ******** ******** ********
 
  1952        91.82    91.04 ******** ******** ********   107.30
           ******** ********   106.06 ******** ******** ********
 
  1953        91.41 ******** ********    97.83 ******** ********
             121.60 ******** ********    92.55 ******** ********
 
  1954     ********    88.51 ******** ******** ******** ********
           ******** ******** ******** ******** ********    90.36
 
  1955     ******** ******** ******** ******** ******** ********
           ******** ******** ******** ********    80.54 ********
 
  1956     ******** ******** ******** ******** ******** ********
           ******** ******** ******** ******** ******** ********
 
  1957     ******** ******** ******** ******** ******** ********
           ******** ********   106.17 ******** ******** ********
 
  1958     ******** ******** ********    95.53 ********   113.18
           ********   123.18 ******** ******** ********    89.49
 
  1959     ******** ******** ******** ******** ******** ********
           ********   124.19 ******** ******** ******** ********
 
  1960     ******** ********    98.37 ******** ******** ********
           ******** ******** ********    92.40 ********    89.10
 

 D 9.A  Moving seasonality ratio
 ---------------------------------------------------------------
               Jan      Feb      Mar      Apr      May      Jun 
 ---------------------------------------------------------------
   I          0.510    1.010    0.851    0.881    1.145    1.020
   S          0.140    1.050    0.668    0.278    0.219    0.588
 RATIO        3.636    0.962    1.275    3.169    5.236    1.736



 ---------------------------------------------------------------
               Jul      Aug      Sep      Oct      Nov      Dec 
 ---------------------------------------------------------------
   I          1.489    1.115    0.524    0.621    0.744    0.325
   S          0.824    0.519    0.123    0.076    0.155    0.232
 RATIO        1.807    2.150    4.257    8.128    4.788    1.399



        R Output for X12a.exe            PAGE   9, SERIES Rout

 D 10  Final seasonal factors
  From  1949.Jan to 1960.Dec
  Observations        144
  Seasonal filter    3 x 3 moving average
 -----------------------------------------------------------------------------
               Jan      Feb      Mar      Apr      May      Jun 
               Jul      Aug      Sep      Oct      Nov      Dec         AVGE  
 -----------------------------------------------------------------------------
  1949        91.39    94.59   105.03    98.65    97.13   106.48
             118.18   117.48   106.43    92.39    81.07    91.25        100.01
 
  1950        91.60    94.05   104.96    98.47    97.41   106.42
             118.15   118.07   106.46    92.38    81.30    91.29        100.05
 
  1951        91.76    92.74   104.83    98.11    97.90   106.48
             118.43   119.04   106.39    92.42    81.48    91.21        100.06
 
  1952        91.73    91.04   104.38    97.75    98.38   107.02
             119.45   120.03   106.14    92.44    81.44    91.01        100.07
 
  1953        91.60    89.33   103.39    97.59    98.63   108.06
             121.53   120.37   105.91    92.46    81.10    90.71        100.06
 
  1954        91.44    88.23   101.80    97.46    98.34   109.75
             123.73   120.53   105.93    92.31    80.77    90.43        100.06
 
  1955        91.35    87.33   100.14    97.23    97.80   111.50
             125.31   121.09   106.16    92.11    80.63    90.14        100.06
 
  1956        91.11    86.66    99.01    96.62    97.27   112.99
             125.99   122.24   106.33    92.09    80.55    89.87        100.06
 
  1957        90.90    85.82    98.54    96.00    97.35   113.41
             126.55   123.42   106.18    92.19    80.51    89.58        100.04
 
  1958        90.66    85.13    98.35    95.70    97.83   113.02
             127.49   124.14   105.78    92.40    80.29    89.40        100.02
 
  1959        90.58    84.64    97.95    95.82    98.56   112.33
             128.20   124.79   105.41    92.41    80.15    89.12        100.00
 
  1960        90.55    84.46    97.43    96.23    98.92   111.97
             128.66   125.32   105.12    92.47    79.91    88.90         99.99
 
  AVGE        91.22    88.67   101.32    97.13    97.96   109.95
             123.47   121.38   106.02    92.34    80.77    90.24

  Table Total-     14405.67   Mean-     100.04   Std. Dev.-      12.71
                              Min -      79.91        Max -     128.66

 D 10.A  Final seasonal component forecasts
  From  1961.Jan to 1961.Dec
  Observations         12
 -----------------------------------------------------------------------------
               Jan      Feb      Mar      Apr      May      Jun 
               Jul      Aug      Sep      Oct      Nov      Dec         AVGE  
 -----------------------------------------------------------------------------
  1961        90.55    84.45    97.00    96.51    99.08   111.92
             128.65   125.79   105.00    92.47    79.82    88.70         99.99
 
        R Output for X12a.exe            PAGE  10, SERIES Rout

 D 11  Final seasonally adjusted data
  From  1949.Jan to 1960.Dec
  Observations        144
 -----------------------------------------------------------------------------
               Jan      Feb      Mar      Apr      May      Jun 
               Jul      Aug      Sep      Oct      Nov      Dec        TOTAL  
 -----------------------------------------------------------------------------
  1949       122.56   124.75   125.68   130.77   124.57   126.78
             125.23   125.98   127.78   128.80   128.28   129.31       1520.48
 
  1950       125.55   133.98   134.34   137.10   128.33   140.01
             143.88   143.98   148.42   143.98   140.21   153.36       1673.14
 
  1951       158.03   161.75   169.80   166.15   175.69   167.16
             168.04   167.17   172.94   175.30   179.19   182.00       2043.21
 
  1952       186.41   197.71   184.89   185.17   186.02   203.69
             192.55   201.61   196.91   206.62   211.19   213.16       2365.94
 
  1953       213.98   219.40   228.25   240.80   232.18   224.87
             217.23   225.97   223.78   228.21   221.95   221.59       2698.22
 
  1954       223.10   213.07   230.84   232.91   237.94   240.56
             244.07   243.09   244.51   248.08   251.33   253.22       2862.73
 
  1955       264.92   266.81   266.62   276.68   276.09   282.50
             290.49   286.56   293.88   297.48   293.94   308.41       3404.38
 
  1956       311.71   319.63   320.16   323.96   326.94   331.02
             327.80   331.31   333.87   332.29   336.44   340.49       3935.62
 
  1957       346.55   350.75   361.28   362.48   364.67   372.10
             367.45   378.37   380.48   376.41   378.83   375.09       4414.45
 
  1958       375.01   373.53   368.09   363.64   371.05   384.90
             385.14   406.81   381.93   388.54   386.08   376.97       4561.68
 
  1959       397.42   404.08   414.50   413.28   426.12   420.20
             427.46   447.96   439.22   440.44   451.68   454.43       5136.79
 
  1960       460.54   462.94   430.05   479.07   477.16   477.81
             483.43   483.55   483.26   498.56   488.02   485.96       5710.34
 
  AVGE       265.48   269.03   269.54   276.00   277.23   280.97
             281.06   286.86   285.58   288.73   288.93   291.17

  Table Total-     40326.98   Mean-     280.05   Std. Dev.-     111.33
                              Min -     122.56        Max -     498.56

                    Test for the presence of residual seasonality.

       No evidence of residual seasonality in the entire series at the
            1 per cent level.  F =      0.94

       No evidence of residual seasonality in the last 3 years at the
            1 per cent level.  F =      0.70

       No evidence of residual seasonality in the last 3 years at the
            5 per cent level.

 Note: sudden large changes in the level of the adjusted series will
       invalidate the results of this test for the last three year period.
        R Output for X12a.exe            PAGE  11, SERIES Rout

 D 12  Final trend cycle
  From  1949.Jan to 1960.Dec
  Observations        144
  Trend filter     9-term Henderson moving average
  I/C ratio        0.91
 -----------------------------------------------------------------------------
               Jan      Feb      Mar      Apr      May      Jun 
               Jul      Aug      Sep      Oct      Nov      Dec        TOTAL  
 -----------------------------------------------------------------------------
  1949       123.53   124.80   125.93   126.59   126.49   125.95
             125.85   126.42   127.37   128.01   128.66   129.45       1519.06
 
  1950       130.87   132.77   134.64   136.42   138.27   140.46
             142.63   144.26   145.52   147.05   149.57   153.44       1695.91
 
  1951       157.98   162.25   165.28   167.02   167.43   167.35
             167.76   169.34   171.95   175.47   179.17   182.31       2033.32
 
  1952       184.34   185.08   185.22   185.64   187.36   190.71
             194.97   199.45   203.67   207.26   210.02   212.73       2346.44
 
  1953       216.31   220.95   225.73   228.66   228.85   226.97
             225.27   224.79   224.80   224.66   223.28   221.95       2692.21
 
  1954       222.08   224.34   228.45   233.20   237.64   240.75
             242.51   243.86   245.20   247.81   252.23   257.32       2875.39
 
  1955       262.19   266.38   269.87   273.76   278.26   282.79
             286.55   289.83   293.51   297.57   302.65   308.10       3411.44
 
  1956       313.01   317.38   321.24   324.48   326.90   328.76
             330.16   331.06   332.08   333.88   336.56   340.61       3936.11
 
  1957       346.36   352.50   358.31   362.85   366.11   369.21
             372.50   375.82   377.93   378.48   377.83   376.34       4414.24
 
  1958       374.31   371.03   368.49   369.12   373.59   379.70
             384.50   386.20   385.79   385.78   387.60   391.76       4557.87
 
  1959       397.57   404.56   411.56   416.31   420.55   425.77
             431.53   437.01   441.41   445.39   449.28   454.00       5134.92
 
  1960       459.51   464.65   469.65   474.33   477.92   479.89
             481.59   484.29   486.91   488.20   489.89   491.93       5748.77
 
  AVGE       265.67   268.89   272.03   274.87   277.45   279.86
             282.15   284.36   286.35   288.30   290.56   293.33

  Table Total-     40365.67   Mean-     280.32   Std. Dev.-     111.62
                              Min -     123.53        Max -     491.93
        R Output for X12a.exe            PAGE  12, SERIES Rout

 D 13  Final irregular component
  From  1949.Jan to 1960.Dec
  Observations        144
 -----------------------------------------------------------------------------
               Jan      Feb      Mar      Apr      May      Jun 
               Jul      Aug      Sep      Oct      Nov      Dec         S.D.  
 -----------------------------------------------------------------------------
  1949        99.21    99.96    99.80   103.30    98.48   100.66
              99.51    99.65   100.32   100.62    99.70    99.89          1.13
 
  1950        95.94   100.91    99.77   100.50    92.81    99.68
             100.88    99.81   101.99    97.91    93.75    99.95          3.13
 
  1951       100.03    99.69   102.74    99.48   104.93    99.89
             100.16    98.72   100.58    99.90   100.01    99.83          1.69
 
  1952       101.12   106.82    99.82    99.75    99.29   106.81
              98.76   101.09    96.68    99.69   100.56   100.20          3.01
 
  1953        98.92    99.30   101.12   105.31   101.46    99.08
              96.43   100.53    99.55   101.58    99.41    99.84          2.04
 
  1954       100.46    94.98   101.05    99.88   100.13    99.92
             100.64    99.69    99.72   100.11    99.64    98.41          1.58
 
  1955       101.04   100.16    98.80   101.07    99.22    99.90
             101.38    98.87   100.13    99.97    97.12   100.10          1.15
 
  1956        99.58   100.71    99.66    99.84   100.01   100.69
              99.28   100.08   100.54    99.53    99.97    99.97          0.44
 
  1957       100.05    99.50   100.83    99.90    99.61   100.78
              98.64   100.68   100.67    99.45   100.27    99.67          0.64
 
  1958       100.19   100.67    99.89    98.52    99.32   101.37
             100.17   105.34    99.00   100.71    99.61    96.23          2.03
 
  1959        99.96    99.88   100.72    99.27   101.33    98.69
              99.06   102.51    99.50    98.89   100.53   100.10          1.06
 
  1960       100.22    99.63    91.57   101.00    99.84    99.57
             100.38    99.85    99.25   102.12    99.62    98.79          2.57
 
  S.D.         1.33     2.49     2.64     1.93     2.65     2.09
               1.32     1.82     1.23     1.09     2.02     1.24

  Table Total-     14389.59   Mean-      99.93   Std. Dev.-       1.90
                              Min -      91.57        Max -     106.82
        R Output for X12a.exe            PAGE  13, SERIES Rout

 D 16  Combined adjustment factors
  From  1949.Jan to 1960.Dec
  Observations        144
 -----------------------------------------------------------------------------
               Jan      Feb      Mar      Apr      May      Jun 
               Jul      Aug      Sep      Oct      Nov      Dec         AVGE  
 -----------------------------------------------------------------------------
  1949        91.39    94.59   105.03    98.65    97.13   106.48
             118.18   117.48   106.43    92.39    81.07    91.25        100.01
 
  1950        91.60    94.05   104.96    98.47    97.41   106.42
             118.15   118.07   106.46    92.38    81.30    91.29        100.05
 
  1951        91.76    92.74   104.83    98.11    97.90   106.48
             118.43   119.04   106.39    92.42    81.48    91.21        100.06
 
  1952        91.73    91.04   104.38    97.75    98.38   107.02
             119.45   120.03   106.14    92.44    81.44    91.01        100.07
 
  1953        91.60    89.33   103.39    97.59    98.63   108.06
             121.53   120.37   105.91    92.46    81.10    90.71        100.06
 
  1954        91.44    88.23   101.80    97.46    98.34   109.75
             123.73   120.53   105.93    92.31    80.77    90.43        100.06
 
  1955        91.35    87.33   100.14    97.23    97.80   111.50
             125.31   121.09   106.16    92.11    80.63    90.14        100.06
 
  1956        91.11    86.66    99.01    96.62    97.27   112.99
             125.99   122.24   106.33    92.09    80.55    89.87        100.06
 
  1957        90.90    85.82    98.54    96.00    97.35   113.41
             126.55   123.42   106.18    92.19    80.51    89.58        100.04
 
  1958        90.66    85.13    98.35    95.70    97.83   113.02
             127.49   124.14   105.78    92.40    80.29    89.40        100.02
 
  1959        90.58    84.64    97.95    95.82    98.56   112.33
             128.20   124.79   105.41    92.41    80.15    89.12        100.00
 
  1960        90.55    84.46    97.43    96.23    98.92   111.97
             128.66   125.32   105.12    92.47    79.91    88.90         99.99
 
  AVGE        91.22    88.67   101.32    97.13    97.96   109.95
             123.47   121.38   106.02    92.34    80.77    90.24

  Table Total-     14405.67   Mean-     100.04   Std. Dev.-      12.71
                              Min -      79.91        Max -     128.66

 D 16.A  Combined adjustment component forecasts
  From  1961.Jan to 1961.Dec
  Observations         12
 -----------------------------------------------------------------------------
               Jan      Feb      Mar      Apr      May      Jun 
               Jul      Aug      Sep      Oct      Nov      Dec         AVGE  
 -----------------------------------------------------------------------------
  1961        90.55    84.45    97.00    96.51    99.08   111.92
             128.65   125.79   105.00    92.47    79.82    88.70         99.99
 
        R Output for X12a.exe            PAGE  14, SERIES Rout

 E 4  Ratios of annual totals
  From          1949 to 1960
  Observations         12
 -----------------------------------
  Year       Unmodified     Modified
                  (D11)         (E3)
 -----------------------------------
  1949            99.97        99.97
 
  1950           100.17       100.02
 
  1951            99.94        99.95
 
  1952            99.92        99.90
 
  1953           100.07       100.08
 
  1954           100.15       100.15
 
  1955           100.11       100.06
 
  1956           100.09       100.09
 
  1957           100.15       100.15
 
  1958           100.23       100.08
 
  1959           100.06       100.06
 
  1960           100.06       100.05
 
        R Output for X12a.exe            PAGE  15, SERIES Rout

 E 5  Month-to-month percent change in the original series
  From  1949.Feb to 1960.Dec
  Observations        143
 -----------------------------------------------------------------------------
               Jan      Feb      Mar      Apr      May      Jun 
               Jul      Aug      Sep      Oct      Nov      Dec         AVGE  
 -----------------------------------------------------------------------------
  1949                  5.36    11.86    -2.27    -6.20    11.57
               9.63     0.00    -8.11   -12.50   -12.61    13.46          0.93
 
  1950        -2.54     9.57    11.90    -4.26    -7.41    19.20
              14.09     0.00    -7.06   -15.82   -14.29    22.81          2.18
 
  1951         3.57     3.45    18.67    -8.43     5.52     3.49
              11.80     0.00    -7.54   -11.96    -9.88    13.70          1.87
 
  1952         3.01     5.26     7.22    -6.22     1.10    19.13
               5.50     5.22   -13.64    -8.61    -9.95    12.79          1.74
 
  1953         1.03     0.00    20.41    -0.42    -2.55     6.11
               8.64     3.03   -12.87   -10.97   -14.69    11.67          0.78
 
  1954         1.49    -7.84    25.00    -3.40     3.08    12.82
              14.39    -2.98   -11.60   -11.58   -11.35    12.81          1.74
 
  1955         5.68    -3.72    14.59     0.75     0.37    16.67
              15.56    -4.67   -10.09   -12.18   -13.50    17.30          2.23
 
  1956         2.16    -2.46    14.44    -1.26     1.60    17.61
              10.43    -1.94   -12.35   -13.80   -11.44    12.92          1.32
 
  1957         2.94    -4.44    18.27    -2.25     2.01    18.87
              10.19     0.43   -13.49   -14.11   -12.10    10.16          1.37
 
  1958         1.19    -6.47    13.84    -3.87     4.31    19.83
              12.87     2.85   -20.00   -11.14   -13.65     8.71          0.71
 
  1959         6.82    -5.00    18.71    -2.46     6.06    12.38
              16.10     2.01   -17.17   -12.10   -11.06    11.88          2.18
 
  1960         2.96    -6.24     7.16    10.02     2.39    13.35
              16.26    -2.57   -16.17    -9.25   -15.40    10.77          1.11
 
  AVGE         2.57    -1.05    15.17    -2.01     0.86    14.25
              12.12     0.11   -12.51   -12.00   -12.49    13.25

  Table Total-       216.91   Mean-       1.52   Std. Dev.-      10.83
                              Min -     -20.00        Max -      25.00
        R Output for X12a.exe            PAGE  16, SERIES Rout

 E 6  Month-to-month percent change in seasonally adjusted series (D11)
  From  1949.Feb to 1960.Dec
  Observations        143
 -----------------------------------------------------------------------------
               Jan      Feb      Mar      Apr      May      Jun 
               Jul      Aug      Sep      Oct      Nov      Dec         AVGE  
 -----------------------------------------------------------------------------
  1949                  1.79     0.75     4.05    -4.74     1.77
              -1.22     0.60     1.43     0.80    -0.41     0.80          0.51
 
  1950        -2.91     6.71     0.27     2.06    -6.40     9.10
               2.77     0.07     3.08    -2.99    -2.61     9.38          1.54
 
  1951         3.04     2.35     4.98    -2.15     5.74    -4.85
               0.52    -0.51     3.45     1.36     2.22     1.57          1.48
 
  1952         2.42     6.06    -6.48     0.15     0.46     9.50
              -5.47     4.71    -2.33     4.93     2.21     0.93          1.42
 
  1953         0.38     2.54     4.03     5.50    -3.58    -3.15
              -3.40     4.02    -0.97     1.98    -2.74    -0.16          0.37
 
  1954         0.68    -4.49     8.34     0.90     2.16     1.10
               1.46    -0.40     0.58     1.46     1.31     0.75          1.15
 
  1955         4.62     0.71    -0.07     3.77    -0.21     2.32
               2.83    -1.35     2.55     1.22    -1.19     4.92          1.68
 
  1956         1.07     2.54     0.17     1.19     0.92     1.25
              -0.97     1.07     0.77    -0.47     1.25     1.20          0.83
 
  1957         1.78     1.21     3.00     0.33     0.60     2.04
              -1.25     2.97     0.56    -1.07     0.64    -0.99          0.82
 
  1958        -0.02    -0.39    -1.46    -1.21     2.04     3.73
               0.06     5.63    -6.12     1.73    -0.63    -2.36          0.08
 
  1959         5.42     1.68     2.58    -0.30     3.11    -1.39
               1.73     4.80    -1.95     0.28     2.55     0.61          1.59
 
  1960         1.34     0.52    -7.11    11.40    -0.40     0.14
               1.18     0.02    -0.06     3.17    -2.11    -0.42          0.64
 
  AVGE         1.62     1.77     0.75     2.14    -0.02     1.80
              -0.15     1.80     0.08     1.03     0.04     1.35

  Table Total-       144.99   Mean-       1.01   Std. Dev.-       3.22
                              Min -      -7.11        Max -      11.40
        R Output for X12a.exe            PAGE  17, SERIES Rout

 E 7  Month-to-month percent change in final trend cycle (D12)
  From  1949.Feb to 1960.Dec
  Observations        143
 -----------------------------------------------------------------------------
               Jan      Feb      Mar      Apr      May      Jun 
               Jul      Aug      Sep      Oct      Nov      Dec         AVGE  
 -----------------------------------------------------------------------------
  1949                  1.02     0.91     0.53    -0.08    -0.43
              -0.08     0.45     0.75     0.50     0.51     0.61          0.43
 
  1950         1.09     1.46     1.41     1.32     1.36     1.58
               1.55     1.14     0.87     1.05     1.72     2.59          1.43
 
  1951         2.96     2.70     1.87     1.05     0.24    -0.05
               0.25     0.94     1.55     2.04     2.11     1.75          1.45
 
  1952         1.11     0.40     0.08     0.22     0.93     1.79
               2.24     2.29     2.12     1.76     1.33     1.29          1.30
 
  1953         1.69     2.14     2.16     1.30     0.08    -0.82
              -0.75    -0.22     0.00    -0.06    -0.61    -0.59          0.36
 
  1954         0.06     1.02     1.83     2.08     1.90     1.31
               0.73     0.56     0.55     1.07     1.78     2.02          1.24
 
  1955         1.89     1.60     1.31     1.44     1.64     1.63
               1.33     1.14     1.27     1.38     1.71     1.80          1.51
 
  1956         1.59     1.40     1.22     1.01     0.74     0.57
               0.43     0.27     0.31     0.54     0.80     1.20          0.84
 
  1957         1.69     1.77     1.65     1.27     0.90     0.84
               0.89     0.89     0.56     0.14    -0.17    -0.39          0.84
 
  1958        -0.54    -0.88    -0.69     0.17     1.21     1.64
               1.26     0.44    -0.11     0.00     0.47     1.07          0.34
 
  1959         1.48     1.76     1.73     1.15     1.02     1.24
               1.35     1.27     1.01     0.90     0.87     1.05          1.24
 
  1960         1.21     1.12     1.08     1.00     0.76     0.41
               0.35     0.56     0.54     0.27     0.35     0.42          0.67
 
  AVGE         1.29     1.29     1.21     1.05     0.89     0.81
               0.80     0.81     0.79     0.80     0.91     1.07

  Table Total-       139.27   Mean-       0.97   Std. Dev.-       1.24
                              Min -      -0.88        Max -       2.96
        R Output for X12a.exe            PAGE  18, SERIES Rout

 E 8  Month-to-month percent change in original series adjusted for calendar factors (A18)
  From  1949.Feb to 1960.Dec
  Observations        143
 -----------------------------------------------------------------------------
               Jan      Feb      Mar      Apr      May      Jun 
               Jul      Aug      Sep      Oct      Nov      Dec         AVGE  
 -----------------------------------------------------------------------------
  1949                  5.36    11.86    -2.27    -6.20    11.57
               9.63     0.00    -8.11   -12.50   -12.61    13.46          0.93
 
  1950        -2.54     9.57    11.90    -4.26    -7.41    19.20
              14.09     0.00    -7.06   -15.82   -14.29    22.81          2.18
 
  1951         3.57     3.45    18.67    -8.43     5.52     3.49
              11.80     0.00    -7.54   -11.96    -9.88    13.70          1.87
 
  1952         3.01     5.26     7.22    -6.22     1.10    19.13
               5.50     5.22   -13.64    -8.61    -9.95    12.79          1.74
 
  1953         1.03     0.00    20.41    -0.42    -2.55     6.11
               8.64     3.03   -12.87   -10.97   -14.69    11.67          0.78
 
  1954         1.49    -7.84    25.00    -3.40     3.08    12.82
              14.39    -2.98   -11.60   -11.58   -11.35    12.81          1.74
 
  1955         5.68    -3.72    14.59     0.75     0.37    16.67
              15.56    -4.67   -10.09   -12.18   -13.50    17.30          2.23
 
  1956         2.16    -2.46    14.44    -1.26     1.60    17.61
              10.43    -1.94   -12.35   -13.80   -11.44    12.92          1.32
 
  1957         2.94    -4.44    18.27    -2.25     2.01    18.87
              10.19     0.43   -13.49   -14.11   -12.10    10.16          1.37
 
  1958         1.19    -6.47    13.84    -3.87     4.31    19.83
              12.87     2.85   -20.00   -11.14   -13.65     8.71          0.71
 
  1959         6.82    -5.00    18.71    -2.46     6.06    12.38
              16.10     2.01   -17.17   -12.10   -11.06    11.88          2.18
 
  1960         2.96    -6.24     7.16    10.02     2.39    13.35
              16.26    -2.57   -16.17    -9.25   -15.40    10.77          1.11
 
  AVGE         2.57    -1.05    15.17    -2.01     0.86    14.25
              12.12     0.11   -12.51   -12.00   -12.49    13.25

  Table Total-       216.91   Mean-       1.52   Std. Dev.-      99.07
                              Min -     -20.00        Max -      25.00
        R Output for X12a.exe            PAGE  19, SERIES Rout


 F 2. Summary Measures
   F 2.A: Average percent change without regard to sign over the
          indicated span
      Span
       in      B1     D11     D13     D12     D10      A2     D18      F1
     months    O      CI       I       C       S       P     TD&H     mcd
        1    9.15    2.35    1.95    1.06    8.45    0.00    0.00    1.37
        2   14.04    3.08    1.84    2.14   12.92    0.00    0.00    2.55
        3   16.97    4.10    1.83    3.19   14.81    0.00    0.00    3.57
        4   20.34    4.85    1.73    4.23   18.00    0.00    0.00    4.51
        5   21.68    5.71    1.74    5.29   19.09    0.00    0.00    5.48
        6   21.43    6.68    1.70    6.36   18.69    0.00    0.00    6.51
        7   21.36    7.74    1.85    7.44   19.60    0.00    0.00    7.62
        8   20.86    8.80    1.83    8.53   18.77    0.00    0.00    8.74
        9   18.61    9.93    1.71    9.61   15.72    0.00    0.00    9.80
       10   16.54   10.87    1.62   10.70   13.27    0.00    0.00   10.88
       11   14.27   11.96    1.73   11.83    8.37    0.00    0.00   11.98
       12   13.06   13.08    1.85   13.00    0.45    0.00    0.00   13.09

      Span
       in     E1      E2      E3
     months  Mod.O   Mod.CI  Mod.I
        1    8.88    1.71    1.22
        2   13.77    2.56    1.14
        3   16.61    3.59    1.04
        4   19.94    4.54    1.10
        5   21.21    5.50    1.01
        6   20.78    6.51    1.03
        7   20.61    7.54    1.03
        8   20.24    8.70    1.12
        9   18.13    9.77    1.09
       10   16.24   10.83    1.04
       11   14.07   11.94    1.02
       12   13.04   13.06    1.13

   F 2.B: Relative contributions to the variance of the percent change
          in the components of the original series
      Span
       in     E3     D12     D10      A2     D18            RATIO
     months   I       C       S       P     TD&H    TOTAL   (X100)
        1    2.01    1.53   96.46    0.00    0.00  100.00   94.03
        2    0.75    2.64   96.61    0.00    0.00  100.00   91.10
        3    0.47    4.41   95.12    0.00    0.00  100.00   83.53
        4    0.35    5.22   94.43    0.00    0.00  100.00   86.36
        5    0.26    7.12   92.62    0.00    0.00  100.00   87.44
        6    0.27   10.36   89.37    0.00    0.00  100.00   90.49
        7    0.24   12.57   87.19    0.00    0.00  100.00  103.71
        8    0.29   17.07   82.64    0.00    0.00  100.00  104.12
        9    0.35   27.13   72.52    0.00    0.00  100.00  103.66
       10    0.37   39.25   60.38    0.00    0.00  100.00  110.59
       11    0.50   66.32   33.18    0.00    0.00  100.00  106.50
       12    0.75   99.13    0.12    0.00    0.00  100.00  100.28

   F 2.C: Average percent change with regard to sign and standard
          deviation over indicated span
      Span        B1               D13              D12
       in          O                I                C
     months   Avg.    S.D.     Avg.    S.D.     Avg.    S.D.
        1     1.52   10.72     0.04    2.83     0.97    0.77
        2     3.16   16.32     0.03    2.74     1.97    1.50
        3     4.72   19.55     0.05    2.88     2.98    2.15
        4     6.29   22.43     0.02    2.75     4.01    2.70
        5     7.70   23.81     0.03    2.62     5.06    3.17
        6     8.96   24.61     0.02    2.64     6.13    3.57
        7    10.11   25.57     0.03    2.96     7.23    3.93
        8    11.09   26.34     0.03    2.76     8.35    4.28
        9    11.65   24.39     0.03    2.55     9.49    4.63
       10    12.03   19.84    -0.04    2.63    10.65    4.98
       11    12.34   13.23    -0.04    2.62    11.82    5.30
       12    12.94    6.93    -0.03    2.78    13.00    5.61

      Span        D10              D11               F1
       in          S                CI              mcd
     months   Avg.    S.D.     Avg.    S.D.     Avg.    S.D.
        1     0.48    9.98     1.01    3.05     0.99    1.36
        2     1.07   15.24     2.01    3.45     2.00    2.38
        3     1.52   18.03     3.04    4.03     3.01    3.03
        4     2.01   20.42     4.04    4.34     4.05    3.46
        5     2.32   21.54     5.10    4.55     5.12    3.80
        6     2.47   22.02     6.17    4.86     6.21    4.15
        7     2.47   22.50     7.28    5.34     7.32    4.50
        8     2.31   22.92     8.40    5.49     8.43    4.80
        9     1.79   20.83     9.54    5.68     9.54    5.10
       10     1.19   16.44    10.62    6.11    10.68    5.46
       11     0.46   10.00    11.79    6.46    11.86    5.83
       12    -0.04    0.63    12.99    6.86    13.07    6.15

   F 2.D: Average duration of run        CI      I       C      mcd
                                        2.04    1.35   11.00    5.88


   F 2.E: I/C Ratio for months span

      SPAN         1       2       3       4       5       6
      I/C        1.84    0.86    0.57    0.41    0.33    0.27

      SPAN         7       8       9      10      11      12
      I/C        0.25    0.21    0.18    0.15    0.15    0.14

         months for cyclical dominance:       2


   F 2.F: Relative contribution of the components to the stationary
          portion of the variance in the original series

                   I       C       S       P     TD&H   Total
                  0.69   11.23   85.95    0.00    0.00   97.88


   F 2.G: The autocorrelation of the irregulars for spans 1 to 14

      SPAN         1       2       3       4       5       6       7
      ACF       -0.08   -0.01   -0.13   -0.01    0.08    0.08   -0.17

      SPAN         8       9      10      11      12      13      14
      ACF        0.00    0.15    0.03    0.04   -0.06   -0.03    0.05

   F 2.H: The final I/C Ratio from Table D12:        0.91
          The final I/S Ratio from Table D10:        2.10

   F 2.I:                                                    Statistic   Prob.
                                                                         level
    F-test for stable seasonality from Table B 1.        :    151.430    0.00%
    F-test for stable seasonality from Table D 8.        :    190.252    0.00%
    Kruskal-Wallis Chi Squared test
                  for stable seasonality from Table D 8. :    131.850    0.00%
    F-test for moving seasonality from Table D 8.        :      3.050    0.12%

        R Output for X12a.exe            PAGE  21, SERIES Rout


 F 3. Monitoring and Quality Assessment Statistics
       All the measures below are in the range from 0 to 3 with an 
       acceptance region from 0 to 1.

    1. The relative contribution of the irregular over three       M1  = 0.047
       months span (from Table F 2.B).


    2. The relative contribution of the irregular component        M2  = 0.069
       to the stationary portion of the variance (from Table 
       F 2.F).

    3. The amount of month to month change in the irregular        M3  = 0.000
       component as compared to the amount of month to month
       change in the trend-cycle (from Table F2.H).

    4. The amount of autocorrelation in the irregular as           M4  = 0.798
       described by the average duration of run (Table F 2.D).


    5. The number of months it takes the change in the trend-      M5  = 0.272
       cycle to surpass the amount of change in the irregular
       (from Table F 2.E).

    6. The amount of year to year change in the irregular as       M6  = 0.760
       compared to the amount of year to year change in the
       seasonal (from Table F 2.H).

    7. The amount of moving seasonality present relative to        M7  = 0.206
       the amount of stable seasonality (from Table F 2.I).


    8. The size of the fluctuations in the seasonal component      M8  = 0.367
       throughout the whole series.


    9. The average linear movement in the seasonal component       M9  = 0.307
       throughout the whole series.


   10. Same as 8, calculated for recent years only.                M10 = 0.370



   11. Same as 9, calculated for recent years only.                M11 = 0.322


          *** ACCEPTED *** at the level   0.24

          *** Q (without M2) =  0.27  ACCEPTED.


        R Output for X12a.exe            PAGE  22, SERIES Rout


  Visually significant residual trading day peaks have been
  found in the spectral plots of the following series starting in 1953.Jan:

          differenced, transformed seasonally adjusted series (Table E2) (1 Trading Day peak(s))

          Modified irregular component (Table E3) (1 Trading Day peak(s))

        R Output for X12a.exe            PAGE  23, SERIES Rout
 G 0  10*LOG(SPECTRUM) of the differenced, transformed Original Series
      (Table A1 or B1).  Spectrum estimated from 1953.Jan to 1960.Dec.
 ++++++++++I+++++++++++++++++++++++++++++++++++++++++++++++++++++++++++++I
      -4.85I          S                                                  I     -4.85
           I          S                                                  I
           I          S                                                  I
           I          S         S                                        I
      -7.26I          S         S                                        I     -7.26
           I          S         S                                        I
           I          S         S                                        I
           I          S         S                   S                    I
      -9.66I          S         S                   S                    I     -9.66
           I          S         S                   S                    I
           I          S         S                   S                    I
           I          S         S                   S                    I
     -12.07I          S         S         S         S                    I    -12.07
           I          S         S         S         S         S          I
           I          S         S         S         S         S          I
           I          S         S         S         S         S          I
     -14.48I          S         S         S         S         S          I    -14.48
           I          S         S         S         S         S          I
           I          S         S         S         S         S          I
           I          S         S         S         S         S          I
     -16.89I          S         S*        S         S         S          I    -16.89
           I         *S         S*        S         S         S          I
           I         *S         S*        S         S         S*         I
           I         *S*        S*        S         S*        S*         I
     -19.29I         *S*        S*        S        *S*        S*         I    -19.29
           I         *S*       *S*        S        *S*        S*         I
           I         *S*       *S*       *S        *S*        S*         I
           I         *S*       *S*       *S        *S*        S*         I
     -21.70I         *S*       *S*       *S        *S*        S*         I    -21.70
           I         *S*       *S*       *S        *S*       *S*         I
           I         *S*       *S**      *S        *S*       *S*T        I
           I        **S*       *S**      *S        *S*       *S*T        I
     -24.11I        **S**      *S**     **S*       *S*       *S*T        I    -24.11
           I        **S**      *S**     **S*       *S*       *S*T        I
           I        **S**      *S**     **S*      **S*       *S*T*       I
           I        **S**     **S**     **S*      **S*T      *S*T*       I
     -26.51I        **S***    **S**     **S*      **S*T     **S*T*       I    -26.51
           I       ***S***    **S***   ***S*      **S*T     **S*T*       I
           I       ***S****   **S***   ***S*      **S*T     **S*T*       I
           I       ***S***** ***S***   ***S*      **S*T    ***S*T**   **SI
     -28.92I       ***S*********S***   ***S*      **S*T*   ***S*T**  ***SI    -28.92
           I       ***S*********S**** ****S*      **S*T* *****S*T*** ***SI
           I      ****S*********S*********S*     ***S*T*******S*T*******SI
           I     *****S*********S*********S**    ***S*T*******S*T*******SI
     -31.33I   *******S*********S*********S**    ***S*T*******S*T*******SI    -31.33
           I   *******S*********S*********S**    ***S*T*******S*T*******SI
           I   *******S*********S*********S**    ***S*T*******S*T*******SI
           I   *******S*********S*********S**   ****S*T*******S*T*******SI
     -33.74I  ********S*********S*********S***  ****S*T*******S*T*******SI    -33.74
           I  ********S*********S*********S***  ****S*T*******S*T*******SI
           I  ********S*********S*********S*********S*T*******S*T*******SI
           I *********S*********S*********S*********S*T*******S*T*******SI
     -36.14I**********S*********S*********S*********S*T*******S*T*******SI    -36.14
 ++++++++++I+++++++++++++++++++++++++++++++++++++++++++++++++++++++++++++I
            S=SEASONAL FREQUENCIES, T=TRADING DAY FREQUENCIES
        R Output for X12a.exe            PAGE  24, SERIES Rout
 G 1  10*LOG(SPECTRUM) of the differenced, transformed Seasonally Adjusted 
      Data (Table E2).  Spectrum estimated from 1953.Jan to 1960.Dec.
 ++++++++++I+++++++++++++++++++++++++++++++++++++++++++++++++++++++++++++I
     -27.51I                                               *             I    -27.51
           I                                               *             I
           I                                               *             I
           I                                               *             I
     -28.73I                                               *             I    -28.73
           I                                               *             I
           I                                               *             I
           I                                               *             I
     -29.95I                                               *             I    -29.95
           I                                               *             I
           I                                          T   **   *T        I
           I                                          T   **   *T        I
     -31.17I                                     *    T   **   *T        I    -31.17
           I                                     *    T   **  S*T        I
           I                                     *    T   *** S*T        I
           I                                     *    T   *** S*T*       I
     -32.39I                  *                  *    T   ****S*T*       I    -32.39
           I                  *                  *    T   ****S*T*       I
           I                  *                  *    T   ****S*T*       I
           I   *              *               *  *    T   ****S*T*       I
     -33.61I   *             **               *  *    T   ****S*T*       I    -33.61
           I   *             **              ** **    T   ****S*T*       I
           I   *            ***              ** **   *T   ****S*T*       I
           I   *            ****             ** ***  *T   ****S*T*       I
     -34.82I   *            ****       *     ** ***  *T*  ****S*T*       I    -34.82
           I   *            ****       *     ** ***  *T*  ****S*T*       I
           I   *           *****       *     ******  *T*  ****S*T*       I
           I   *           *****       *     ******  *T* *****S*T**      I
     -36.04I   *  *        *****       *     ******  *T* *****S*T**      I    -36.04
           I  *** **  S    *****      **     ******  *T* *****S*T**      I
           I  *** **  S    *****      **     ******  *T* *****S*T**      I
           I  ****** *S    *****   *  **     ****** S*T* *****S*T**  *   I
     -37.26I  ********S    *****  **  **     *******S*T*******S*T**  *   I    -37.26
           I  ********S    *****S **  **     *******S*T*******S*T**  **  I
           I  ********S    *****S **  **     *******S*T*******S*T*** **  I
           I  ********S    *****S**** **     *******S*T*******S*T******  I
     -38.48I  ********S*  ******S*******     *******S*T*******S*T******  I    -38.48
           I  ********S*  ******S*******     *******S*T*******S*T******  I
           I  ********S*  ******S*******     *******S*T*******S*T******  I
           I  ********S*  ******S********   ********S*T*******S*T******  I
     -39.70I  ********S*  ******S********   ********S*T*******S*T******* I    -39.70
           I  ********S*  ******S********   ********S*T*******S*T******* I
           I  ********S*********S********   ********S*T*******S*T******* I
           I *********S*********S********   ********S*T*******S*T*******SI
     -40.92I *********S*********S********   ********S*T*******S*T*******SI    -40.92
           I *********S*********S********   ********S*T*******S*T*******SI
           I *********S*********S********   ********S*T*******S*T*******SI
           I *********S*********S********   ********S*T*******S*T*******SI
     -42.14I**********S*********S********   ********S*T*******S*T*******SI    -42.14
           I**********S*********S********* *********S*T*******S*T*******SI
           I**********S*********S********* *********S*T*******S*T*******SI
           I**********S*********S********* *********S*T*******S*T*******SI
     -43.36I**********S*********S*********S*********S*T*******S*T*******SI    -43.36
 ++++++++++I+++++++++++++++++++++++++++++++++++++++++++++++++++++++++++++I
            S=SEASONAL FREQUENCIES, T=TRADING DAY FREQUENCIES
        R Output for X12a.exe            PAGE  25, SERIES Rout
 G 2  10*LOG(SPECTRUM) of the Modified Irregular (Table E3).  
      Spectrum estimated from 1953.Jan to 1960.Dec.
 ++++++++++I+++++++++++++++++++++++++++++++++++++++++++++++++++++++++++++I
     -33.34I                                               *             I    -33.34
           I                                               *             I
           I                                               *             I
           I                                               *             I
     -34.85I                                          T    *             I    -34.85
           I                                     *    T    *             I
           I                                     *    T    *             I
           I                                     *    T    *             I
     -36.37I                                  *  *    T   **             I    -36.37
           I                                  *  *    T   **   *T        I
           I                                  *  *    T   ***  *T        I
           I                  *               *  *    T   *** S*T        I
     -37.89I                  *              **  *    T   *** S*T        I    -37.89
           I                  *        *     ** **    T   ****S*T*       I
           I                 **        *     ** ***   T   ****S*T*       I
           I                 **        *     ******  *T   ****S*T*       I
     -39.40I                 ***      **     ******  *T   ****S*T*       I    -39.40
           I                 ***      **     ******  *T*  ****S*T*       I
           I                ****      **     ******  *T*  ****S*T*       I
           I               *****      **     ******  *T*  ****S*T*       I
     -40.92I               *****S**   **     ******  *T*  ****S*T*       I    -40.92
           I               *****S**   **     ******  *T* *****S*T*       I
           I               *****S*** ***     *******S*T* *****S*T*       I
           I              ******S*** ****    *******S*T* *****S*T**      I
     -42.44I              ******S********    *******S*T* *****S*T**      I    -42.44
           I              ******S********    *******S*T*******S*T**      I
           I              ******S********   ********S*T*******S*T**  *   I
           I              ******S********   ********S*T*******S*T**  *   I
     -43.95I              ******S********   ********S*T*******S*T******  I    -43.95
           I **           ******S********   ********S*T*******S*T******  I
           I **           ******S********   ********S*T*******S*T******  I
           I***           ******S********   ********S*T*******S*T******  I
     -45.47I***          *******S*********  ********S*T*******S*T******  I    -45.47
           I***          *******S********* *********S*T*******S*T******  I
           I***          *******S********* *********S*T*******S*T******* I
           I***          *******S*********S*********S*T*******S*T******* I
     -46.99I***          *******S*********S*********S*T*******S*T*******SI    -46.99
           I***          *******S*********S*********S*T*******S*T*******SI
           I***          *******S*********S*********S*T*******S*T*******SI
           I****        ********S*********S*********S*T*******S*T*******SI
     -48.50I****        ********S*********S*********S*T*******S*T*******SI    -48.50
           I****        ********S*********S*********S*T*******S*T*******SI
           I****        ********S*********S*********S*T*******S*T*******SI
           I****        ********S*********S*********S*T*******S*T*******SI
     -50.02I****       *********S*********S*********S*T*******S*T*******SI    -50.02
           I****       *********S*********S*********S*T*******S*T*******SI
           I****      S*********S*********S*********S*T*******S*T*******SI
           I****      S*********S*********S*********S*T*******S*T*******SI
     -51.53I*****    *S*********S*********S*********S*T*******S*T*******SI    -51.53
           I*****   **S*********S*********S*********S*T*******S*T*******SI
           I*****   **S*********S*********S*********S*T*******S*T*******SI
           I*****  ***S*********S*********S*********S*T*******S*T*******SI
     -53.05I**********S*********S*********S*********S*T*******S*T*******SI    -53.05
 ++++++++++I+++++++++++++++++++++++++++++++++++++++++++++++++++++++++++++I
            S=SEASONAL FREQUENCIES, T=TRADING DAY FREQUENCIES
